<?xml version="1.0" encoding="UTF-8"?>
<testsuite xmlns:xsi="http://www.w3.org/2001/XMLSchema-instance" xsi:noNamespaceSchemaLocation="https://maven.apache.org/surefire/maven-surefire-plugin/xsd/surefire-test-report-3.0.xsd" version="3.0" name="com.example.AppTest" time="0.062" tests="1" errors="0" skipped="0" failures="0">
  <properties>
    <property name="java.specification.version" value="17"/>
    <property name="sun.cpu.isalist" value="amd64"/>
    <property name="sun.jnu.encoding" value="Cp1252"/>
    <property name="java.class.path" value="C:\Users\antho\Desktop\validacion\java-frontend-ci\java-frontend-demo\target\test-classes;C:\Users\antho\Desktop\validacion\java-frontend-ci\java-frontend-demo\target\classes;C:\Users\antho\.m2\repository\com\vaadin\vaadin-spring-boot-starter\24.0.14\vaadin-spring-boot-starter-24.0.14.jar;C:\Users\antho\.m2\repository\com\vaadin\vaadin-spring\24.0.16\vaadin-spring-24.0.16.jar;C:\Users\antho\.m2\repository\com\vaadin\flow-server\24.0.16\flow-server-24.0.16.jar;C:\Users\antho\.m2\repository\com\vaadin\servletdetector\throw-if-servlet3\1.0.2\throw-if-servlet3-1.0.2.jar;C:\Users\antho\.m2\repository\com\vaadin\external\gwt\gwt-elemental\2.8.2.vaadin2\gwt-elemental-2.8.2.vaadin2.jar;C:\Users\antho\.m2\repository\com\vaadin\flow-commons-upload\24.0.16\flow-commons-upload-24.0.16.jar;C:\Users\antho\.m2\repository\commons-io\commons-io\2.11.0\commons-io-2.11.0.jar;C:\Users\antho\.m2\repository\com\fasterxml\jackson\core\jackson-core\2.15.0\jackson-core-2.15.0.jar;C:\Users\antho\.m2\repository\org\jsoup\jsoup\1.15.3\jsoup-1.15.3.jar;C:\Users\antho\.m2\repository\com\helger\ph-css\6.5.0\ph-css-6.5.0.jar;C:\Users\antho\.m2\repository\com\helger\commons\ph-commons\10.1.6\ph-commons-10.1.6.jar;C:\Users\antho\.m2\repository\com\vaadin\external\gentyref\1.2.0.vaadin1\gentyref-1.2.0.vaadin1.jar;C:\Users\antho\.m2\repository\org\apache\commons\commons-compress\1.22\commons-compress-1.22.jar;C:\Users\antho\.m2\repository\org\apache\httpcomponents\httpclient\4.5.14\httpclient-4.5.14.jar;C:\Users\antho\.m2\repository\org\apache\httpcomponents\httpcore\4.4.16\httpcore-4.4.16.jar;C:\Users\antho\.m2\repository\commons-logging\commons-logging\1.2\commons-logging-1.2.jar;C:\Users\antho\.m2\repository\commons-codec\commons-codec\1.15\commons-codec-1.15.jar;C:\Users\antho\.m2\repository\com\vaadin\flow-push\24.0.16\flow-push-24.0.16.jar;C:\Users\antho\.m2\repository\com\vaadin\external\atmosphere\atmosphere-runtime\3.0.3.slf4jvaadin1\atmosphere-runtime-3.0.3.slf4jvaadin1.jar;C:\Users\antho\.m2\repository\com\vaadin\flow-client\24.0.16\flow-client-24.0.16.jar;C:\Users\antho\.m2\repository\org\springframework\spring-websocket\6.0.9\spring-websocket-6.0.9.jar;C:\Users\antho\.m2\repository\org\hibernate\validator\hibernate-validator\8.0.0.Final\hibernate-validator-8.0.0.Final.jar;C:\Users\antho\.m2\repository\jakarta\validation\jakarta.validation-api\3.0.2\jakarta.validation-api-3.0.2.jar;C:\Users\antho\.m2\repository\org\jboss\logging\jboss-logging\3.5.0.Final\jboss-logging-3.5.0.Final.jar;C:\Users\antho\.m2\repository\com\fasterxml\classmate\1.5.1\classmate-1.5.1.jar;C:\Users\antho\.m2\repository\org\reflections\reflections\0.10.2\reflections-0.10.2.jar;C:\Users\antho\.m2\repository\org\javassist\javassist\3.28.0-GA\javassist-3.28.0-GA.jar;C:\Users\antho\.m2\repository\com\google\code\findbugs\jsr305\3.0.2\jsr305-3.0.2.jar;C:\Users\antho\.m2\repository\com\vaadin\vaadin-core\24.0.14\vaadin-core-24.0.14.jar;C:\Users\antho\.m2\repository\com\vaadin\vaadin-core-internal\24.0.14\vaadin-core-internal-24.0.14.jar;C:\Users\antho\.m2\repository\com\vaadin\flow-lit-template\24.0.16\flow-lit-template-24.0.16.jar;C:\Users\antho\.m2\repository\com\vaadin\flow-html-components\24.0.16\flow-html-components-24.0.16.jar;C:\Users\antho\.m2\repository\com\vaadin\flow-data\24.0.16\flow-data-24.0.16.jar;C:\Users\antho\.m2\repository\com\vaadin\flow-dnd\24.0.16\flow-dnd-24.0.16.jar;C:\Users\antho\.m2\repository\org\webjars\npm\vaadin__vaadin-mobile-drag-drop\1.0.1\vaadin__vaadin-mobile-drag-drop-1.0.1.jar;C:\Users\antho\.m2\repository\org\webjars\npm\mobile-drag-drop\2.3.0-rc.2\mobile-drag-drop-2.3.0-rc.2.jar;C:\Users\antho\.m2\repository\com\vaadin\vaadin-lumo-theme\24.0.14\vaadin-lumo-theme-24.0.14.jar;C:\Users\antho\.m2\repository\com\vaadin\vaadin-material-theme\24.0.14\vaadin-material-theme-24.0.14.jar;C:\Users\antho\.m2\repository\com\vaadin\vaadin-accordion-flow\24.0.14\vaadin-accordion-flow-24.0.14.jar;C:\Users\antho\.m2\repository\com\vaadin\vaadin-avatar-flow\24.0.14\vaadin-avatar-flow-24.0.14.jar;C:\Users\antho\.m2\repository\com\vaadin\vaadin-flow-components-base\24.0.14\vaadin-flow-components-base-24.0.14.jar;C:\Users\antho\.m2\repository\com\vaadin\vaadin-button-flow\24.0.14\vaadin-button-flow-24.0.14.jar;C:\Users\antho\.m2\repository\com\vaadin\vaadin-checkbox-flow\24.0.14\vaadin-checkbox-flow-24.0.14.jar;C:\Users\antho\.m2\repository\com\vaadin\vaadin-combo-box-flow\24.0.14\vaadin-combo-box-flow-24.0.14.jar;C:\Users\antho\.m2\repository\com\vaadin\vaadin-confirm-dialog-flow\24.0.14\vaadin-confirm-dialog-flow-24.0.14.jar;C:\Users\antho\.m2\repository\com\vaadin\vaadin-custom-field-flow\24.0.14\vaadin-custom-field-flow-24.0.14.jar;C:\Users\antho\.m2\repository\com\vaadin\vaadin-date-picker-flow\24.0.14\vaadin-date-picker-flow-24.0.14.jar;C:\Users\antho\.m2\repository\com\vaadin\vaadin-date-time-picker-flow\24.0.14\vaadin-date-time-picker-flow-24.0.14.jar;C:\Users\antho\.m2\repository\com\vaadin\vaadin-details-flow\24.0.14\vaadin-details-flow-24.0.14.jar;C:\Users\antho\.m2\repository\com\vaadin\vaadin-time-picker-flow\24.0.14\vaadin-time-picker-flow-24.0.14.jar;C:\Users\antho\.m2\repository\com\vaadin\vaadin-select-flow\24.0.14\vaadin-select-flow-24.0.14.jar;C:\Users\antho\.m2\repository\com\vaadin\vaadin-dialog-flow\24.0.14\vaadin-dialog-flow-24.0.14.jar;C:\Users\antho\.m2\repository\com\vaadin\vaadin-form-layout-flow\24.0.14\vaadin-form-layout-flow-24.0.14.jar;C:\Users\antho\.m2\repository\com\vaadin\vaadin-field-highlighter-flow\24.0.14\vaadin-field-highlighter-flow-24.0.14.jar;C:\Users\antho\.m2\repository\com\vaadin\vaadin-grid-flow\24.0.14\vaadin-grid-flow-24.0.14.jar;C:\Users\antho\.m2\repository\org\apache\commons\commons-lang3\3.12.0\commons-lang3-3.12.0.jar;C:\Users\antho\.m2\repository\com\vaadin\vaadin-icons-flow\24.0.14\vaadin-icons-flow-24.0.14.jar;C:\Users\antho\.m2\repository\com\vaadin\vaadin-virtual-list-flow\24.0.14\vaadin-virtual-list-flow-24.0.14.jar;C:\Users\antho\.m2\repository\com\vaadin\vaadin-list-box-flow\24.0.14\vaadin-list-box-flow-24.0.14.jar;C:\Users\antho\.m2\repository\com\vaadin\vaadin-login-flow\24.0.14\vaadin-login-flow-24.0.14.jar;C:\Users\antho\.m2\repository\com\vaadin\vaadin-messages-flow\24.0.14\vaadin-messages-flow-24.0.14.jar;C:\Users\antho\.m2\repository\com\vaadin\vaadin-ordered-layout-flow\24.0.14\vaadin-ordered-layout-flow-24.0.14.jar;C:\Users\antho\.m2\repository\com\vaadin\vaadin-progress-bar-flow\24.0.14\vaadin-progress-bar-flow-24.0.14.jar;C:\Users\antho\.m2\repository\com\vaadin\vaadin-radio-button-flow\24.0.14\vaadin-radio-button-flow-24.0.14.jar;C:\Users\antho\.m2\repository\com\vaadin\vaadin-renderer-flow\24.0.14\vaadin-renderer-flow-24.0.14.jar;C:\Users\antho\.m2\repository\com\vaadin\vaadin-split-layout-flow\24.0.14\vaadin-split-layout-flow-24.0.14.jar;C:\Users\antho\.m2\repository\com\vaadin\vaadin-tabs-flow\24.0.14\vaadin-tabs-flow-24.0.14.jar;C:\Users\antho\.m2\repository\com\vaadin\vaadin-text-field-flow\24.0.14\vaadin-text-field-flow-24.0.14.jar;C:\Users\antho\.m2\repository\com\vaadin\vaadin-upload-flow\24.0.14\vaadin-upload-flow-24.0.14.jar;C:\Users\antho\.m2\repository\com\vaadin\vaadin-notification-flow\24.0.14\vaadin-notification-flow-24.0.14.jar;C:\Users\antho\.m2\repository\com\vaadin\vaadin-app-layout-flow\24.0.14\vaadin-app-layout-flow-24.0.14.jar;C:\Users\antho\.m2\repository\com\vaadin\vaadin-context-menu-flow\24.0.14\vaadin-context-menu-flow-24.0.14.jar;C:\Users\antho\.m2\repository\com\vaadin\vaadin-menu-bar-flow\24.0.14\vaadin-menu-bar-flow-24.0.14.jar;C:\Users\antho\.m2\repository\com\vaadin\vaadin-dev\24.0.14\vaadin-dev-24.0.14.jar;C:\Users\antho\.m2\repository\com\vaadin\vaadin-dev-server\24.0.16\vaadin-dev-server-24.0.16.jar;C:\Users\antho\.m2\repository\com\vaadin\license-checker\1.12.3\license-checker-1.12.3.jar;C:\Users\antho\.m2\repository\com\github\oshi\oshi-core\6.4.1\oshi-core-6.4.1.jar;C:\Users\antho\.m2\repository\net\java\dev\jna\jna\5.13.0\jna-5.13.0.jar;C:\Users\antho\.m2\repository\net\java\dev\jna\jna-platform\5.13.0\jna-platform-5.13.0.jar;C:\Users\antho\.m2\repository\com\nimbusds\nimbus-jose-jwt\9.31\nimbus-jose-jwt-9.31.jar;C:\Users\antho\.m2\repository\org\lucee\jcip-annotations\1.0.0\jcip-annotations-1.0.0.jar;C:\Users\antho\.m2\repository\com\vaadin\open\8.5.0\open-8.5.0.jar;C:\Users\antho\.m2\repository\com\vaadin\vaadin-dev-bundle\24.0.14\vaadin-dev-bundle-24.0.14.jar;C:\Users\antho\.m2\repository\org\apache\tomcat\embed\tomcat-embed-core\10.1.8\tomcat-embed-core-10.1.8.jar;C:\Users\antho\.m2\repository\org\apache\tomcat\tomcat-annotations-api\10.1.8\tomcat-annotations-api-10.1.8.jar;C:\Users\antho\.m2\repository\org\apache\tomcat\embed\tomcat-embed-websocket\10.1.8\tomcat-embed-websocket-10.1.8.jar;C:\Users\antho\.m2\repository\org\springframework\boot\spring-boot-starter\3.1.0\spring-boot-starter-3.1.0.jar;C:\Users\antho\.m2\repository\org\springframework\boot\spring-boot\3.1.0\spring-boot-3.1.0.jar;C:\Users\antho\.m2\repository\org\springframework\spring-context\6.0.9\spring-context-6.0.9.jar;C:\Users\antho\.m2\repository\org\springframework\boot\spring-boot-autoconfigure\3.1.0\spring-boot-autoconfigure-3.1.0.jar;C:\Users\antho\.m2\repository\org\springframework\boot\spring-boot-starter-logging\3.1.0\spring-boot-starter-logging-3.1.0.jar;C:\Users\antho\.m2\repository\ch\qos\logback\logback-classic\1.4.7\logback-classic-1.4.7.jar;C:\Users\antho\.m2\repository\ch\qos\logback\logback-core\1.4.7\logback-core-1.4.7.jar;C:\Users\antho\.m2\repository\org\apache\logging\log4j\log4j-to-slf4j\2.20.0\log4j-to-slf4j-2.20.0.jar;C:\Users\antho\.m2\repository\org\apache\logging\log4j\log4j-api\2.20.0\log4j-api-2.20.0.jar;C:\Users\antho\.m2\repository\org\slf4j\jul-to-slf4j\2.0.7\jul-to-slf4j-2.0.7.jar;C:\Users\antho\.m2\repository\jakarta\annotation\jakarta.annotation-api\2.1.1\jakarta.annotation-api-2.1.1.jar;C:\Users\antho\.m2\repository\org\springframework\spring-core\6.0.9\spring-core-6.0.9.jar;C:\Users\antho\.m2\repository\org\springframework\spring-jcl\6.0.9\spring-jcl-6.0.9.jar;C:\Users\antho\.m2\repository\org\yaml\snakeyaml\1.33\snakeyaml-1.33.jar;C:\Users\antho\.m2\repository\org\springframework\boot\spring-boot-starter-web\3.1.0\spring-boot-starter-web-3.1.0.jar;C:\Users\antho\.m2\repository\org\springframework\boot\spring-boot-starter-json\3.1.0\spring-boot-starter-json-3.1.0.jar;C:\Users\antho\.m2\repository\com\fasterxml\jackson\core\jackson-databind\2.15.0\jackson-databind-2.15.0.jar;C:\Users\antho\.m2\repository\com\fasterxml\jackson\core\jackson-annotations\2.15.0\jackson-annotations-2.15.0.jar;C:\Users\antho\.m2\repository\com\fasterxml\jackson\datatype\jackson-datatype-jdk8\2.15.0\jackson-datatype-jdk8-2.15.0.jar;C:\Users\antho\.m2\repository\com\fasterxml\jackson\datatype\jackson-datatype-jsr310\2.15.0\jackson-datatype-jsr310-2.15.0.jar;C:\Users\antho\.m2\repository\com\fasterxml\jackson\module\jackson-module-parameter-names\2.15.0\jackson-module-parameter-names-2.15.0.jar;C:\Users\antho\.m2\repository\org\springframework\boot\spring-boot-starter-tomcat\3.1.0\spring-boot-starter-tomcat-3.1.0.jar;C:\Users\antho\.m2\repository\org\apache\tomcat\embed\tomcat-embed-el\10.1.8\tomcat-embed-el-10.1.8.jar;C:\Users\antho\.m2\repository\org\springframework\spring-web\6.0.9\spring-web-6.0.9.jar;C:\Users\antho\.m2\repository\org\springframework\spring-beans\6.0.9\spring-beans-6.0.9.jar;C:\Users\antho\.m2\repository\io\micrometer\micrometer-observation\1.11.0\micrometer-observation-1.11.0.jar;C:\Users\antho\.m2\repository\io\micrometer\micrometer-commons\1.11.0\micrometer-commons-1.11.0.jar;C:\Users\antho\.m2\repository\org\springframework\spring-webmvc\6.0.9\spring-webmvc-6.0.9.jar;C:\Users\antho\.m2\repository\org\springframework\spring-aop\6.0.9\spring-aop-6.0.9.jar;C:\Users\antho\.m2\repository\org\springframework\spring-expression\6.0.9\spring-expression-6.0.9.jar;C:\Users\antho\.m2\repository\org\springframework\boot\spring-boot-starter-test\3.1.0\spring-boot-starter-test-3.1.0.jar;C:\Users\antho\.m2\repository\org\springframework\boot\spring-boot-test\3.1.0\spring-boot-test-3.1.0.jar;C:\Users\antho\.m2\repository\org\springframework\boot\spring-boot-test-autoconfigure\3.1.0\spring-boot-test-autoconfigure-3.1.0.jar;C:\Users\antho\.m2\repository\com\jayway\jsonpath\json-path\2.8.0\json-path-2.8.0.jar;C:\Users\antho\.m2\repository\jakarta\xml\bind\jakarta.xml.bind-api\4.0.0\jakarta.xml.bind-api-4.0.0.jar;C:\Users\antho\.m2\repository\jakarta\activation\jakarta.activation-api\2.1.2\jakarta.activation-api-2.1.2.jar;C:\Users\antho\.m2\repository\net\minidev\json-smart\2.4.10\json-smart-2.4.10.jar;C:\Users\antho\.m2\repository\net\minidev\accessors-smart\2.4.9\accessors-smart-2.4.9.jar;C:\Users\antho\.m2\repository\org\ow2\asm\asm\9.3\asm-9.3.jar;C:\Users\antho\.m2\repository\org\assertj\assertj-core\3.24.2\assertj-core-3.24.2.jar;C:\Users\antho\.m2\repository\net\bytebuddy\byte-buddy\1.14.4\byte-buddy-1.14.4.jar;C:\Users\antho\.m2\repository\org\hamcrest\hamcrest\2.2\hamcrest-2.2.jar;C:\Users\antho\.m2\repository\org\junit\jupiter\junit-jupiter\5.9.3\junit-jupiter-5.9.3.jar;C:\Users\antho\.m2\repository\org\junit\jupiter\junit-jupiter-api\5.9.3\junit-jupiter-api-5.9.3.jar;C:\Users\antho\.m2\repository\org\opentest4j\opentest4j\1.2.0\opentest4j-1.2.0.jar;C:\Users\antho\.m2\repository\org\junit\platform\junit-platform-commons\1.9.3\junit-platform-commons-1.9.3.jar;C:\Users\antho\.m2\repository\org\apiguardian\apiguardian-api\1.1.2\apiguardian-api-1.1.2.jar;C:\Users\antho\.m2\repository\org\junit\jupiter\junit-jupiter-params\5.9.3\junit-jupiter-params-5.9.3.jar;C:\Users\antho\.m2\repository\org\junit\jupiter\junit-jupiter-engine\5.9.3\junit-jupiter-engine-5.9.3.jar;C:\Users\antho\.m2\repository\org\junit\platform\junit-platform-engine\1.9.3\junit-platform-engine-1.9.3.jar;C:\Users\antho\.m2\repository\org\mockito\mockito-core\5.3.1\mockito-core-5.3.1.jar;C:\Users\antho\.m2\repository\net\bytebuddy\byte-buddy-agent\1.14.4\byte-buddy-agent-1.14.4.jar;C:\Users\antho\.m2\repository\org\objenesis\objenesis\3.3\objenesis-3.3.jar;C:\Users\antho\.m2\repository\org\mockito\mockito-junit-jupiter\5.3.1\mockito-junit-jupiter-5.3.1.jar;C:\Users\antho\.m2\repository\org\skyscreamer\jsonassert\1.5.1\jsonassert-1.5.1.jar;C:\Users\antho\.m2\repository\com\vaadin\external\google\android-json\0.0.20131108.vaadin1\android-json-0.0.20131108.vaadin1.jar;C:\Users\antho\.m2\repository\org\springframework\spring-test\6.0.9\spring-test-6.0.9.jar;C:\Users\antho\.m2\repository\org\xmlunit\xmlunit-core\2.9.1\xmlunit-core-2.9.1.jar;C:\Users\antho\.m2\repository\org\testng\testng\7.10.2\testng-7.10.2.jar;C:\Users\antho\.m2\repository\org\slf4j\slf4j-api\2.0.7\slf4j-api-2.0.7.jar;C:\Users\antho\.m2\repository\com\beust\jcommander\1.82\jcommander-1.82.jar;C:\Users\antho\.m2\repository\org\webjars\jquery\3.7.1\jquery-3.7.1.jar;"/>
    <property name="java.vm.vendor" value="Oracle Corporation"/>
    <property name="sun.arch.data.model" value="64"/>
    <property name="user.variant" value=""/>
    <property name="java.vendor.url" value="https://java.oracle.com/"/>
    <property name="user.timezone" value="America/Guayaquil"/>
    <property name="os.name" value="Windows 10"/>
    <property name="java.vm.specification.version" value="17"/>
    <property name="sun.java.launcher" value="SUN_STANDARD"/>
    <property name="user.country" value="EC"/>
    <property name="sun.boot.library.path" value="C:\Program Files\Java\jdk-17\bin"/>
    <property name="sun.java.command" value="C:\Users\antho\AppData\Local\Temp\surefire11920242160477845782\surefirebooter-20250113210458515_3.jar C:\Users\antho\AppData\Local\Temp\surefire11920242160477845782 2025-01-13T21-04-57_690-jvmRun1 surefire-20250113210458515_1tmp surefire_0-20250113210458515_2tmp"/>
    <property name="jdk.debug" value="release"/>
    <property name="surefire.test.class.path" value="C:\Users\antho\Desktop\validacion\java-frontend-ci\java-frontend-demo\target\test-classes;C:\Users\antho\Desktop\validacion\java-frontend-ci\java-frontend-demo\target\classes;C:\Users\antho\.m2\repository\com\vaadin\vaadin-spring-boot-starter\24.0.14\vaadin-spring-boot-starter-24.0.14.jar;C:\Users\antho\.m2\repository\com\vaadin\vaadin-spring\24.0.16\vaadin-spring-24.0.16.jar;C:\Users\antho\.m2\repository\com\vaadin\flow-server\24.0.16\flow-server-24.0.16.jar;C:\Users\antho\.m2\repository\com\vaadin\servletdetector\throw-if-servlet3\1.0.2\throw-if-servlet3-1.0.2.jar;C:\Users\antho\.m2\repository\com\vaadin\external\gwt\gwt-elemental\2.8.2.vaadin2\gwt-elemental-2.8.2.vaadin2.jar;C:\Users\antho\.m2\repository\com\vaadin\flow-commons-upload\24.0.16\flow-commons-upload-24.0.16.jar;C:\Users\antho\.m2\repository\commons-io\commons-io\2.11.0\commons-io-2.11.0.jar;C:\Users\antho\.m2\repository\com\fasterxml\jackson\core\jackson-core\2.15.0\jackson-core-2.15.0.jar;C:\Users\antho\.m2\repository\org\jsoup\jsoup\1.15.3\jsoup-1.15.3.jar;C:\Users\antho\.m2\repository\com\helger\ph-css\6.5.0\ph-css-6.5.0.jar;C:\Users\antho\.m2\repository\com\helger\commons\ph-commons\10.1.6\ph-commons-10.1.6.jar;C:\Users\antho\.m2\repository\com\vaadin\external\gentyref\1.2.0.vaadin1\gentyref-1.2.0.vaadin1.jar;C:\Users\antho\.m2\repository\org\apache\commons\commons-compress\1.22\commons-compress-1.22.jar;C:\Users\antho\.m2\repository\org\apache\httpcomponents\httpclient\4.5.14\httpclient-4.5.14.jar;C:\Users\antho\.m2\repository\org\apache\httpcomponents\httpcore\4.4.16\httpcore-4.4.16.jar;C:\Users\antho\.m2\repository\commons-logging\commons-logging\1.2\commons-logging-1.2.jar;C:\Users\antho\.m2\repository\commons-codec\commons-codec\1.15\commons-codec-1.15.jar;C:\Users\antho\.m2\repository\com\vaadin\flow-push\24.0.16\flow-push-24.0.16.jar;C:\Users\antho\.m2\repository\com\vaadin\external\atmosphere\atmosphere-runtime\3.0.3.slf4jvaadin1\atmosphere-runtime-3.0.3.slf4jvaadin1.jar;C:\Users\antho\.m2\repository\com\vaadin\flow-client\24.0.16\flow-client-24.0.16.jar;C:\Users\antho\.m2\repository\org\springframework\spring-websocket\6.0.9\spring-websocket-6.0.9.jar;C:\Users\antho\.m2\repository\org\hibernate\validator\hibernate-validator\8.0.0.Final\hibernate-validator-8.0.0.Final.jar;C:\Users\antho\.m2\repository\jakarta\validation\jakarta.validation-api\3.0.2\jakarta.validation-api-3.0.2.jar;C:\Users\antho\.m2\repository\org\jboss\logging\jboss-logging\3.5.0.Final\jboss-logging-3.5.0.Final.jar;C:\Users\antho\.m2\repository\com\fasterxml\classmate\1.5.1\classmate-1.5.1.jar;C:\Users\antho\.m2\repository\org\reflections\reflections\0.10.2\reflections-0.10.2.jar;C:\Users\antho\.m2\repository\org\javassist\javassist\3.28.0-GA\javassist-3.28.0-GA.jar;C:\Users\antho\.m2\repository\com\google\code\findbugs\jsr305\3.0.2\jsr305-3.0.2.jar;C:\Users\antho\.m2\repository\com\vaadin\vaadin-core\24.0.14\vaadin-core-24.0.14.jar;C:\Users\antho\.m2\repository\com\vaadin\vaadin-core-internal\24.0.14\vaadin-core-internal-24.0.14.jar;C:\Users\antho\.m2\repository\com\vaadin\flow-lit-template\24.0.16\flow-lit-template-24.0.16.jar;C:\Users\antho\.m2\repository\com\vaadin\flow-html-components\24.0.16\flow-html-components-24.0.16.jar;C:\Users\antho\.m2\repository\com\vaadin\flow-data\24.0.16\flow-data-24.0.16.jar;C:\Users\antho\.m2\repository\com\vaadin\flow-dnd\24.0.16\flow-dnd-24.0.16.jar;C:\Users\antho\.m2\repository\org\webjars\npm\vaadin__vaadin-mobile-drag-drop\1.0.1\vaadin__vaadin-mobile-drag-drop-1.0.1.jar;C:\Users\antho\.m2\repository\org\webjars\npm\mobile-drag-drop\2.3.0-rc.2\mobile-drag-drop-2.3.0-rc.2.jar;C:\Users\antho\.m2\repository\com\vaadin\vaadin-lumo-theme\24.0.14\vaadin-lumo-theme-24.0.14.jar;C:\Users\antho\.m2\repository\com\vaadin\vaadin-material-theme\24.0.14\vaadin-material-theme-24.0.14.jar;C:\Users\antho\.m2\repository\com\vaadin\vaadin-accordion-flow\24.0.14\vaadin-accordion-flow-24.0.14.jar;C:\Users\antho\.m2\repository\com\vaadin\vaadin-avatar-flow\24.0.14\vaadin-avatar-flow-24.0.14.jar;C:\Users\antho\.m2\repository\com\vaadin\vaadin-flow-components-base\24.0.14\vaadin-flow-components-base-24.0.14.jar;C:\Users\antho\.m2\repository\com\vaadin\vaadin-button-flow\24.0.14\vaadin-button-flow-24.0.14.jar;C:\Users\antho\.m2\repository\com\vaadin\vaadin-checkbox-flow\24.0.14\vaadin-checkbox-flow-24.0.14.jar;C:\Users\antho\.m2\repository\com\vaadin\vaadin-combo-box-flow\24.0.14\vaadin-combo-box-flow-24.0.14.jar;C:\Users\antho\.m2\repository\com\vaadin\vaadin-confirm-dialog-flow\24.0.14\vaadin-confirm-dialog-flow-24.0.14.jar;C:\Users\antho\.m2\repository\com\vaadin\vaadin-custom-field-flow\24.0.14\vaadin-custom-field-flow-24.0.14.jar;C:\Users\antho\.m2\repository\com\vaadin\vaadin-date-picker-flow\24.0.14\vaadin-date-picker-flow-24.0.14.jar;C:\Users\antho\.m2\repository\com\vaadin\vaadin-date-time-picker-flow\24.0.14\vaadin-date-time-picker-flow-24.0.14.jar;C:\Users\antho\.m2\repository\com\vaadin\vaadin-details-flow\24.0.14\vaadin-details-flow-24.0.14.jar;C:\Users\antho\.m2\repository\com\vaadin\vaadin-time-picker-flow\24.0.14\vaadin-time-picker-flow-24.0.14.jar;C:\Users\antho\.m2\repository\com\vaadin\vaadin-select-flow\24.0.14\vaadin-select-flow-24.0.14.jar;C:\Users\antho\.m2\repository\com\vaadin\vaadin-dialog-flow\24.0.14\vaadin-dialog-flow-24.0.14.jar;C:\Users\antho\.m2\repository\com\vaadin\vaadin-form-layout-flow\24.0.14\vaadin-form-layout-flow-24.0.14.jar;C:\Users\antho\.m2\repository\com\vaadin\vaadin-field-highlighter-flow\24.0.14\vaadin-field-highlighter-flow-24.0.14.jar;C:\Users\antho\.m2\repository\com\vaadin\vaadin-grid-flow\24.0.14\vaadin-grid-flow-24.0.14.jar;C:\Users\antho\.m2\repository\org\apache\commons\commons-lang3\3.12.0\commons-lang3-3.12.0.jar;C:\Users\antho\.m2\repository\com\vaadin\vaadin-icons-flow\24.0.14\vaadin-icons-flow-24.0.14.jar;C:\Users\antho\.m2\repository\com\vaadin\vaadin-virtual-list-flow\24.0.14\vaadin-virtual-list-flow-24.0.14.jar;C:\Users\antho\.m2\repository\com\vaadin\vaadin-list-box-flow\24.0.14\vaadin-list-box-flow-24.0.14.jar;C:\Users\antho\.m2\repository\com\vaadin\vaadin-login-flow\24.0.14\vaadin-login-flow-24.0.14.jar;C:\Users\antho\.m2\repository\com\vaadin\vaadin-messages-flow\24.0.14\vaadin-messages-flow-24.0.14.jar;C:\Users\antho\.m2\repository\com\vaadin\vaadin-ordered-layout-flow\24.0.14\vaadin-ordered-layout-flow-24.0.14.jar;C:\Users\antho\.m2\repository\com\vaadin\vaadin-progress-bar-flow\24.0.14\vaadin-progress-bar-flow-24.0.14.jar;C:\Users\antho\.m2\repository\com\vaadin\vaadin-radio-button-flow\24.0.14\vaadin-radio-button-flow-24.0.14.jar;C:\Users\antho\.m2\repository\com\vaadin\vaadin-renderer-flow\24.0.14\vaadin-renderer-flow-24.0.14.jar;C:\Users\antho\.m2\repository\com\vaadin\vaadin-split-layout-flow\24.0.14\vaadin-split-layout-flow-24.0.14.jar;C:\Users\antho\.m2\repository\com\vaadin\vaadin-tabs-flow\24.0.14\vaadin-tabs-flow-24.0.14.jar;C:\Users\antho\.m2\repository\com\vaadin\vaadin-text-field-flow\24.0.14\vaadin-text-field-flow-24.0.14.jar;C:\Users\antho\.m2\repository\com\vaadin\vaadin-upload-flow\24.0.14\vaadin-upload-flow-24.0.14.jar;C:\Users\antho\.m2\repository\com\vaadin\vaadin-notification-flow\24.0.14\vaadin-notification-flow-24.0.14.jar;C:\Users\antho\.m2\repository\com\vaadin\vaadin-app-layout-flow\24.0.14\vaadin-app-layout-flow-24.0.14.jar;C:\Users\antho\.m2\repository\com\vaadin\vaadin-context-menu-flow\24.0.14\vaadin-context-menu-flow-24.0.14.jar;C:\Users\antho\.m2\repository\com\vaadin\vaadin-menu-bar-flow\24.0.14\vaadin-menu-bar-flow-24.0.14.jar;C:\Users\antho\.m2\repository\com\vaadin\vaadin-dev\24.0.14\vaadin-dev-24.0.14.jar;C:\Users\antho\.m2\repository\com\vaadin\vaadin-dev-server\24.0.16\vaadin-dev-server-24.0.16.jar;C:\Users\antho\.m2\repository\com\vaadin\license-checker\1.12.3\license-checker-1.12.3.jar;C:\Users\antho\.m2\repository\com\github\oshi\oshi-core\6.4.1\oshi-core-6.4.1.jar;C:\Users\antho\.m2\repository\net\java\dev\jna\jna\5.13.0\jna-5.13.0.jar;C:\Users\antho\.m2\repository\net\java\dev\jna\jna-platform\5.13.0\jna-platform-5.13.0.jar;C:\Users\antho\.m2\repository\com\nimbusds\nimbus-jose-jwt\9.31\nimbus-jose-jwt-9.31.jar;C:\Users\antho\.m2\repository\org\lucee\jcip-annotations\1.0.0\jcip-annotations-1.0.0.jar;C:\Users\antho\.m2\repository\com\vaadin\open\8.5.0\open-8.5.0.jar;C:\Users\antho\.m2\repository\com\vaadin\vaadin-dev-bundle\24.0.14\vaadin-dev-bundle-24.0.14.jar;C:\Users\antho\.m2\repository\org\apache\tomcat\embed\tomcat-embed-core\10.1.8\tomcat-embed-core-10.1.8.jar;C:\Users\antho\.m2\repository\org\apache\tomcat\tomcat-annotations-api\10.1.8\tomcat-annotations-api-10.1.8.jar;C:\Users\antho\.m2\repository\org\apache\tomcat\embed\tomcat-embed-websocket\10.1.8\tomcat-embed-websocket-10.1.8.jar;C:\Users\antho\.m2\repository\org\springframework\boot\spring-boot-starter\3.1.0\spring-boot-starter-3.1.0.jar;C:\Users\antho\.m2\repository\org\springframework\boot\spring-boot\3.1.0\spring-boot-3.1.0.jar;C:\Users\antho\.m2\repository\org\springframework\spring-context\6.0.9\spring-context-6.0.9.jar;C:\Users\antho\.m2\repository\org\springframework\boot\spring-boot-autoconfigure\3.1.0\spring-boot-autoconfigure-3.1.0.jar;C:\Users\antho\.m2\repository\org\springframework\boot\spring-boot-starter-logging\3.1.0\spring-boot-starter-logging-3.1.0.jar;C:\Users\antho\.m2\repository\ch\qos\logback\logback-classic\1.4.7\logback-classic-1.4.7.jar;C:\Users\antho\.m2\repository\ch\qos\logback\logback-core\1.4.7\logback-core-1.4.7.jar;C:\Users\antho\.m2\repository\org\apache\logging\log4j\log4j-to-slf4j\2.20.0\log4j-to-slf4j-2.20.0.jar;C:\Users\antho\.m2\repository\org\apache\logging\log4j\log4j-api\2.20.0\log4j-api-2.20.0.jar;C:\Users\antho\.m2\repository\org\slf4j\jul-to-slf4j\2.0.7\jul-to-slf4j-2.0.7.jar;C:\Users\antho\.m2\repository\jakarta\annotation\jakarta.annotation-api\2.1.1\jakarta.annotation-api-2.1.1.jar;C:\Users\antho\.m2\repository\org\springframework\spring-core\6.0.9\spring-core-6.0.9.jar;C:\Users\antho\.m2\repository\org\springframework\spring-jcl\6.0.9\spring-jcl-6.0.9.jar;C:\Users\antho\.m2\repository\org\yaml\snakeyaml\1.33\snakeyaml-1.33.jar;C:\Users\antho\.m2\repository\org\springframework\boot\spring-boot-starter-web\3.1.0\spring-boot-starter-web-3.1.0.jar;C:\Users\antho\.m2\repository\org\springframework\boot\spring-boot-starter-json\3.1.0\spring-boot-starter-json-3.1.0.jar;C:\Users\antho\.m2\repository\com\fasterxml\jackson\core\jackson-databind\2.15.0\jackson-databind-2.15.0.jar;C:\Users\antho\.m2\repository\com\fasterxml\jackson\core\jackson-annotations\2.15.0\jackson-annotations-2.15.0.jar;C:\Users\antho\.m2\repository\com\fasterxml\jackson\datatype\jackson-datatype-jdk8\2.15.0\jackson-datatype-jdk8-2.15.0.jar;C:\Users\antho\.m2\repository\com\fasterxml\jackson\datatype\jackson-datatype-jsr310\2.15.0\jackson-datatype-jsr310-2.15.0.jar;C:\Users\antho\.m2\repository\com\fasterxml\jackson\module\jackson-module-parameter-names\2.15.0\jackson-module-parameter-names-2.15.0.jar;C:\Users\antho\.m2\repository\org\springframework\boot\spring-boot-starter-tomcat\3.1.0\spring-boot-starter-tomcat-3.1.0.jar;C:\Users\antho\.m2\repository\org\apache\tomcat\embed\tomcat-embed-el\10.1.8\tomcat-embed-el-10.1.8.jar;C:\Users\antho\.m2\repository\org\springframework\spring-web\6.0.9\spring-web-6.0.9.jar;C:\Users\antho\.m2\repository\org\springframework\spring-beans\6.0.9\spring-beans-6.0.9.jar;C:\Users\antho\.m2\repository\io\micrometer\micrometer-observation\1.11.0\micrometer-observation-1.11.0.jar;C:\Users\antho\.m2\repository\io\micrometer\micrometer-commons\1.11.0\micrometer-commons-1.11.0.jar;C:\Users\antho\.m2\repository\org\springframework\spring-webmvc\6.0.9\spring-webmvc-6.0.9.jar;C:\Users\antho\.m2\repository\org\springframework\spring-aop\6.0.9\spring-aop-6.0.9.jar;C:\Users\antho\.m2\repository\org\springframework\spring-expression\6.0.9\spring-expression-6.0.9.jar;C:\Users\antho\.m2\repository\org\springframework\boot\spring-boot-starter-test\3.1.0\spring-boot-starter-test-3.1.0.jar;C:\Users\antho\.m2\repository\org\springframework\boot\spring-boot-test\3.1.0\spring-boot-test-3.1.0.jar;C:\Users\antho\.m2\repository\org\springframework\boot\spring-boot-test-autoconfigure\3.1.0\spring-boot-test-autoconfigure-3.1.0.jar;C:\Users\antho\.m2\repository\com\jayway\jsonpath\json-path\2.8.0\json-path-2.8.0.jar;C:\Users\antho\.m2\repository\jakarta\xml\bind\jakarta.xml.bind-api\4.0.0\jakarta.xml.bind-api-4.0.0.jar;C:\Users\antho\.m2\repository\jakarta\activation\jakarta.activation-api\2.1.2\jakarta.activation-api-2.1.2.jar;C:\Users\antho\.m2\repository\net\minidev\json-smart\2.4.10\json-smart-2.4.10.jar;C:\Users\antho\.m2\repository\net\minidev\accessors-smart\2.4.9\accessors-smart-2.4.9.jar;C:\Users\antho\.m2\repository\org\ow2\asm\asm\9.3\asm-9.3.jar;C:\Users\antho\.m2\repository\org\assertj\assertj-core\3.24.2\assertj-core-3.24.2.jar;C:\Users\antho\.m2\repository\net\bytebuddy\byte-buddy\1.14.4\byte-buddy-1.14.4.jar;C:\Users\antho\.m2\repository\org\hamcrest\hamcrest\2.2\hamcrest-2.2.jar;C:\Users\antho\.m2\repository\org\junit\jupiter\junit-jupiter\5.9.3\junit-jupiter-5.9.3.jar;C:\Users\antho\.m2\repository\org\junit\jupiter\junit-jupiter-api\5.9.3\junit-jupiter-api-5.9.3.jar;C:\Users\antho\.m2\repository\org\opentest4j\opentest4j\1.2.0\opentest4j-1.2.0.jar;C:\Users\antho\.m2\repository\org\junit\platform\junit-platform-commons\1.9.3\junit-platform-commons-1.9.3.jar;C:\Users\antho\.m2\repository\org\apiguardian\apiguardian-api\1.1.2\apiguardian-api-1.1.2.jar;C:\Users\antho\.m2\repository\org\junit\jupiter\junit-jupiter-params\5.9.3\junit-jupiter-params-5.9.3.jar;C:\Users\antho\.m2\repository\org\junit\jupiter\junit-jupiter-engine\5.9.3\junit-jupiter-engine-5.9.3.jar;C:\Users\antho\.m2\repository\org\junit\platform\junit-platform-engine\1.9.3\junit-platform-engine-1.9.3.jar;C:\Users\antho\.m2\repository\org\mockito\mockito-core\5.3.1\mockito-core-5.3.1.jar;C:\Users\antho\.m2\repository\net\bytebuddy\byte-buddy-agent\1.14.4\byte-buddy-agent-1.14.4.jar;C:\Users\antho\.m2\repository\org\objenesis\objenesis\3.3\objenesis-3.3.jar;C:\Users\antho\.m2\repository\org\mockito\mockito-junit-jupiter\5.3.1\mockito-junit-jupiter-5.3.1.jar;C:\Users\antho\.m2\repository\org\skyscreamer\jsonassert\1.5.1\jsonassert-1.5.1.jar;C:\Users\antho\.m2\repository\com\vaadin\external\google\android-json\0.0.20131108.vaadin1\android-json-0.0.20131108.vaadin1.jar;C:\Users\antho\.m2\repository\org\springframework\spring-test\6.0.9\spring-test-6.0.9.jar;C:\Users\antho\.m2\repository\org\xmlunit\xmlunit-core\2.9.1\xmlunit-core-2.9.1.jar;C:\Users\antho\.m2\repository\org\testng\testng\7.10.2\testng-7.10.2.jar;C:\Users\antho\.m2\repository\org\slf4j\slf4j-api\2.0.7\slf4j-api-2.0.7.jar;C:\Users\antho\.m2\repository\com\beust\jcommander\1.82\jcommander-1.82.jar;C:\Users\antho\.m2\repository\org\webjars\jquery\3.7.1\jquery-3.7.1.jar;"/>
    <property name="sun.cpu.endian" value="little"/>
    <property name="user.home" value="C:\Users\antho"/>
    <property name="user.language" value="es"/>
    <property name="java.specification.vendor" value="Oracle Corporation"/>
    <property name="java.version.date" value="2023-10-17"/>
    <property name="java.home" value="C:\Program Files\Java\jdk-17"/>
    <property name="file.separator" value="\"/>
    <property name="basedir" value="C:\Users\antho\Desktop\validacion\java-frontend-ci\java-frontend-demo"/>
    <property name="java.vm.compressedOopsMode" value="Zero based"/>
    <property name="line.separator" value="&#10;"/>
    <property name="java.vm.specification.vendor" value="Oracle Corporation"/>
    <property name="java.specification.name" value="Java Platform API Specification"/>
    <property name="surefire.real.class.path" value="C:\Users\antho\AppData\Local\Temp\surefire11920242160477845782\surefirebooter-20250113210458515_3.jar"/>
    <property name="user.script" value=""/>
    <property name="sun.management.compiler" value="HotSpot 64-Bit Tiered Compilers"/>
    <property name="java.runtime.version" value="17.0.9+11-LTS-201"/>
    <property name="user.name" value="antho"/>
    <property name="path.separator" value=";"/>
    <property name="os.version" value="10.0"/>
    <property name="java.runtime.name" value="Java(TM) SE Runtime Environment"/>
    <property name="file.encoding" value="Cp1252"/>
    <property name="java.vm.name" value="Java HotSpot(TM) 64-Bit Server VM"/>
    <property name="localRepository" value="C:\Users\antho\.m2\repository"/>
    <property name="java.vendor.url.bug" value="https://bugreport.java.com/bugreport/"/>
    <property name="java.io.tmpdir" value="C:\Users\antho\AppData\Local\Temp\"/>
    <property name="java.version" value="17.0.9"/>
    <property name="user.dir" value="C:\Users\antho\Desktop\validacion\java-frontend-ci\java-frontend-demo"/>
    <property name="os.arch" value="amd64"/>
    <property name="java.vm.specification.name" value="Java Virtual Machine Specification"/>
    <property name="sun.os.patch.level" value=""/>
    <property name="native.encoding" value="Cp1252"/>
    <property name="java.library.path" value="C:\Program Files\Java\jdk-17\bin;C:\WINDOWS\Sun\Java\bin;C:\WINDOWS\system32;C:\WINDOWS;C:\Program Files (x86)\VMware\VMware Workstation\bin\;C:\Program Files\Microsoft\jdk-11.0.16.101-hotspot\bin;C:\Program Files\Common Files\Oracle\Java\javapath;C:\Program Files (x86)\Common Files\Oracle\Java\javapath;C:\Windows\system32;C:\Windows;C:\Windows\System32\Wbem;C:\Windows\System32\WindowsPowerShell\v1.0\;C:\Windows\System32\OpenSSH\;C:\Program Files (x86)\NVIDIA Corporation\PhysX\Common;C:\Program Files\NVIDIA Corporation\NVIDIA NvDLISR;C:\WINDOWS\system32;C:\WINDOWS;C:\WINDOWS\System32\Wbem;C:\WINDOWS\System32\WindowsPowerShell\v1.0\;C:\WINDOWS\System32\OpenSSH\;C:\ProgramData\chocolatey\bin;C:\Program Files\Git\cmd;C:\Program Files\PuTTY\;C:\Program Files (x86)\Microsoft SQL Server\160\Tools\Binn\;C:\Program Files\Microsoft SQL Server\160\Tools\Binn\;C:\Program Files\Microsoft SQL Server\Client SDK\ODBC\170\Tools\Binn\;C:\Program Files\Microsoft SQL Server\160\DTS\Binn\;C:\Program Files (x86)\Microsoft SQL Server\160\DTS\Binn\;C:\Program Files\dotnet\;C:\Program Files\Microsoft SQL Server\150\Tools\Binn\;C:\Program Files\Microsoft\jdk-21;C:\Program Files\Redis;C:\Program Files (x86)\Incredibuild;C:\Program Files\Docker\Docker\resources\bin;C:\Program Files\Go\bin;C:\Program Files\Microsoft SQL Server\130\DTS\Binn\;C:\Program Files\Microsoft SQL Server\140\DTS\Binn\;C:\Program Files\Microsoft SQL Server\150\DTS\Binn\;C:\Program Files\PostgreSQL\16\bin;C:\Program Files\Java\jdk-21\bin;C:\Program Files\OpenSSL-Win64;C:\Users\antho\AppData\Roaming\nvm;C:\Program Files\nodejs;C:\Program Files\Graphviz\bin;C:\Program Files\MySQL\MySQL Shell 8.0\bin\;C:\Users\antho\AppData\Local\pnpm;C:\Users\antho\AppData\Local\Android\Sdk\platform-tools;C:\Users\antho\AppData\Local\Android\Sdk\tools;C:\Users\antho\AppData\Local\jdk-11.0.2\bin;C:\Users\antho\AppData\Local\Programs\Python\Python312\Scripts\;C:\Users\antho\AppData\Local\Programs\Python\Python312\;C:\Users\antho\AppData\Local\Microsoft\WindowsApps;C:\Users\antho\AppData\Local\Programs\Microsoft VS Code\bin;C:\Program Files\Azure Data Studio\bin;C:\Users\antho\.dotnet\tools;C:\Users\antho\AppData\Roaming\npm;C:\Users\antho\AppData\Local\Android\Sdk;C:\Program Files (x86)\Android\android-sdk\platform-tools;C:\zrok;C:\Users\antho\go\bin;C:\Program Files\JetBrains\GoLand 2024.1.1\bin;;C:\Program Files (x86)\gradle\gradle-8.5\bin;C:\Program Files\JetBrains\DataGrip 2024.1.4\bin;;C:\Users\antho\AppData\Roaming\nvm;C:\Program Files\nodejs;C:\maven\apache-maven-3.9.9\bin;C:\Program Files (x86)\Nmap;."/>
    <property name="java.vm.info" value="mixed mode, sharing"/>
    <property name="java.vendor" value="Oracle Corporation"/>
    <property name="java.vm.version" value="17.0.9+11-LTS-201"/>
    <property name="sun.io.unicode.encoding" value="UnicodeLittle"/>
    <property name="java.class.version" value="61.0"/>
  </properties>
  <testcase name="testApp" classname="com.example.AppTest" time="0.036"/>
</testsuite>